# JRE version: Java(TM) SE Runtime Environment (8.0_92-b14) (build 1.8.0_92-b14)
# Java VM: Java HotSpot(TM) 64-Bit Server VM (25.92-b14 mixed mode windows-amd64 compressed oops)
Heap:
 PSYoungGen      total 311296K, used 50566K [0x00000000eab00000, 0x00000000fff80000, 0x0000000100000000)
  eden space 278528K, 13% used [0x00000000eab00000,0x00000000ed0c48e0,0x00000000fbb00000)
  from space 32768K, 36% used [0x00000000fbb00000,0x00000000fc69d1c8,0x00000000fdb00000)
  to   space 31232K, 0% used [0x00000000fe100000,0x00000000fe100000,0x00000000fff80000)
 ParOldGen       total 167424K, used 100693K [0x00000000c0000000, 0x00000000ca380000, 0x00000000eab00000)
  object space 167424K, 60% used [0x00000000c0000000,0x00000000c62557a8,0x00000000ca380000)
 Metaspace       used 75922K, capacity 78688K, committed 78976K, reserved 1118208K
  class space    used 9755K, capacity 10326K, committed 10368K, reserved 1048576K
GC Heap History (10 events):
Event: 754.537 GC heap before
{Heap before GC invocations=49 (full 7):
 PSYoungGen      total 311808K, used 278592K [0x00000000eab00000, 0x0000000100000000, 0x0000000100000000)
  eden space 278528K, 100% used [0x00000000eab00000,0x00000000fbb00000,0x00000000fbb00000)
  from space 33280K, 0% used [0x00000000fbb00000,0x00000000fbb10000,0x00000000fdb80000)
  to   space 33280K, 0% used [0x00000000fdf80000,0x00000000fdf80000,0x0000000100000000)
 ParOldGen       total 144384K, used 116332K [0x00000000c0000000, 0x00000000c8d00000, 0x00000000eab00000)
  object space 144384K, 80% used [0x00000000c0000000,0x00000000c719b090,0x00000000c8d00000)
 Metaspace       used 72183K, capacity 74914K, committed 75008K, reserved 1114112K
  class space    used 9332K, capacity 9913K, committed 9984K, reserved 1048576K
Event: 754.568 GC heap after
Heap after GC invocations=49 (full 7):
 PSYoungGen      total 309760K, used 24824K [0x00000000eab00000, 0x0000000100000000, 0x0000000100000000)
  eden space 276480K, 0% used [0x00000000eab00000,0x00000000eab00000,0x00000000fb900000)
  from space 33280K, 74% used [0x00000000fdf80000,0x00000000ff7be0f8,0x0000000100000000)
  to   space 36352K, 0% used [0x00000000fb900000,0x00000000fb900000,0x00000000fdc80000)
 ParOldGen       total 144384K, used 116364K [0x00000000c0000000, 0x00000000c8d00000, 0x00000000eab00000)
  object space 144384K, 80% used [0x00000000c0000000,0x00000000c71a3090,0x00000000c8d00000)
 Metaspace       used 72183K, capacity 74914K, committed 75008K, reserved 1114112K
  class space    used 9332K, capacity 9913K, committed 9984K, reserved 1048576K
}
Event: 813.475 GC heap before
{Heap before GC invocations=50 (full 7):
 PSYoungGen      total 309760K, used 301304K [0x00000000eab00000, 0x0000000100000000, 0x0000000100000000)
  eden space 276480K, 100% used [0x00000000eab00000,0x00000000fb900000,0x00000000fb900000)
  from space 33280K, 74% used [0x00000000fdf80000,0x00000000ff7be0f8,0x0000000100000000)
  to   space 36352K, 0% used [0x00000000fb900000,0x00000000fb900000,0x00000000fdc80000)
 ParOldGen       total 144384K, used 116364K [0x00000000c0000000, 0x00000000c8d00000, 0x00000000eab00000)
  object space 144384K, 80% used [0x00000000c0000000,0x00000000c71a3090,0x00000000c8d00000)
 Metaspace       used 73644K, capacity 76296K, committed 76416K, reserved 1116160K
  class space    used 9440K, capacity 10010K, committed 10112K, reserved 1048576K
Event: 813.629 GC heap after
Heap after GC invocations=50 (full 7):
 PSYoungGen      total 312832K, used 13840K [0x00000000eab00000, 0x00000000fff00000, 0x0000000100000000)
  eden space 276480K, 0% used [0x00000000eab00000,0x00000000eab00000,0x00000000fb900000)
  from space 36352K, 38% used [0x00000000fb900000,0x00000000fc684040,0x00000000fdc80000)
  to   space 34304K, 0% used [0x00000000fdd80000,0x00000000fdd80000,0x00000000fff00000)
 ParOldGen       total 144384K, used 123183K [0x00000000c0000000, 0x00000000c8d00000, 0x00000000eab00000)
  object space 144384K, 85% used [0x00000000c0000000,0x00000000c784bf38,0x00000000c8d00000)
 Metaspace       used 73644K, capacity 76296K, committed 76416K, reserved 1116160K
  class space    used 9440K, capacity 10010K, committed 10112K, reserved 1048576K
}
Event: 872.506 GC heap before
{Heap before GC invocations=51 (full 7):
 PSYoungGen      total 312832K, used 290320K [0x00000000eab00000, 0x00000000fff00000, 0x0000000100000000)
  eden space 276480K, 100% used [0x00000000eab00000,0x00000000fb900000,0x00000000fb900000)
  from space 36352K, 38% used [0x00000000fb900000,0x00000000fc684040,0x00000000fdc80000)
  to   space 34304K, 0% used [0x00000000fdd80000,0x00000000fdd80000,0x00000000fff00000)
 ParOldGen       total 144384K, used 123183K [0x00000000c0000000, 0x00000000c8d00000, 0x00000000eab00000)
  object space 144384K, 85% used [0x00000000c0000000,0x00000000c784bf38,0x00000000c8d00000)
 Metaspace       used 73647K, capacity 76296K, committed 76416K, reserved 1116160K
  class space    used 9440K, capacity 10010K, committed 10112K, reserved 1048576K
Event: 872.562 GC heap after
Heap after GC invocations=51 (full 7):
 PSYoungGen      total 308736K, used 14768K [0x00000000eab00000, 0x00000000ffb00000, 0x0000000100000000)
  eden space 278528K, 0% used [0x00000000eab00000,0x00000000eab00000,0x00000000fbb00000)
  from space 30208K, 48% used [0x00000000fdd80000,0x00000000febec060,0x00000000ffb00000)
  to   space 32768K, 0% used [0x00000000fbb00000,0x00000000fbb00000,0x00000000fdb00000)
 ParOldGen       total 144384K, used 131871K [0x00000000c0000000, 0x00000000c8d00000, 0x00000000eab00000)
  object space 144384K, 91% used [0x00000000c0000000,0x00000000c80c7f98,0x00000000c8d00000)
 Metaspace       used 73647K, capacity 76296K, committed 76416K, reserved 1116160K
  class space    used 9440K, capacity 10010K, committed 10112K, reserved 1048576K
}
Event: 872.591 GC heap before
{Heap before GC invocations=52 (full 8):
 PSYoungGen      total 308736K, used 14768K [0x00000000eab00000, 0x00000000ffb00000, 0x0000000100000000)
  eden space 278528K, 0% used [0x00000000eab00000,0x00000000eab00000,0x00000000fbb00000)
  from space 30208K, 48% used [0x00000000fdd80000,0x00000000febec060,0x00000000ffb00000)
  to   space 32768K, 0% used [0x00000000fbb00000,0x00000000fbb00000,0x00000000fdb00000)
 ParOldGen       total 144384K, used 131871K [0x00000000c0000000, 0x00000000c8d00000, 0x00000000eab00000)
  object space 144384K, 91% used [0x00000000c0000000,0x00000000c80c7f98,0x00000000c8d00000)
 Metaspace       used 73647K, capacity 76296K, committed 76416K, reserved 1116160K
  class space    used 9440K, capacity 10010K, committed 10112K, reserved 1048576K
Event: 873.183 GC heap after
Heap after GC invocations=52 (full 8):
 PSYoungGen      total 308736K, used 0K [0x00000000eab00000, 0x00000000ffb00000, 0x0000000100000000)
  eden space 278528K, 0% used [0x00000000eab00000,0x00000000eab00000,0x00000000fbb00000)
  from space 30208K, 0% used [0x00000000fdd80000,0x00000000fdd80000,0x00000000ffb00000)
  to   space 32768K, 0% used [0x00000000fbb00000,0x00000000fbb00000,0x00000000fdb00000)
 ParOldGen       total 167424K, used 100685K [0x00000000c0000000, 0x00000000ca380000, 0x00000000eab00000)
  object space 167424K, 60% used [0x00000000c0000000,0x00000000c62537a8,0x00000000ca380000)
 Metaspace       used 73647K, capacity 76296K, committed 76416K, reserved 1116160K
  class space    used 9440K, capacity 10010K, committed 10112K, reserved 1048576K
}
Event: 920.999 GC heap before
{Heap before GC invocations=53 (full 8):
 PSYoungGen      total 308736K, used 278528K [0x00000000eab00000, 0x00000000ffb00000, 0x0000000100000000)
  eden space 278528K, 100% used [0x00000000eab00000,0x00000000fbb00000,0x00000000fbb00000)
  from space 30208K, 0% used [0x00000000fdd80000,0x00000000fdd80000,0x00000000ffb00000)
  to   space 32768K, 0% used [0x00000000fbb00000,0x00000000fbb00000,0x00000000fdb00000)
 ParOldGen       total 167424K, used 100685K [0x00000000c0000000, 0x00000000ca380000, 0x00000000eab00000)
  object space 167424K, 60% used [0x00000000c0000000,0x00000000c62537a8,0x00000000ca380000)
 Metaspace       used 75874K, capacity 78682K, committed 78976K, reserved 1118208K
  class space    used 9747K, capacity 10325K, committed 10368K, reserved 1048576K
Event: 921.027 GC heap after
Heap after GC invocations=53 (full 8):
 PSYoungGen      total 311296K, used 11892K [0x00000000eab00000, 0x00000000fff80000, 0x0000000100000000)
  eden space 278528K, 0% used [0x00000000eab00000,0x00000000eab00000,0x00000000fbb00000)
  from space 32768K, 36% used [0x00000000fbb00000,0x00000000fc69d1c8,0x00000000fdb00000)
  to   space 31232K, 0% used [0x00000000fe100000,0x00000000fe100000,0x00000000fff80000)
 ParOldGen       total 167424K, used 100693K [0x00000000c0000000, 0x00000000ca380000, 0x00000000eab00000)
  object space 167424K, 60% used [0x00000000c0000000,0x00000000c62557a8,0x00000000ca380000)
 Metaspace       used 75874K, capacity 78682K, committed 78976K, reserved 1118208K
  class space    used 9747K, capacity 10325K, committed 10368K, reserved 1048576K
}

