# JRE version: Java(TM) SE Runtime Environment (8.0_92-b14) (build 1.8.0_92-b14)
# Java VM: Java HotSpot(TM) 64-Bit Server VM (25.92-b14 mixed mode windows-amd64 compressed oops)
Heap:
 PSYoungGen      total 195072K, used 163970K [0x000000076ab00000, 0x000000077ce00000, 0x00000007c0000000)
  eden space 125440K, 75% used [0x000000076ab00000,0x00000007707262f8,0x0000000772580000)
  from space 69632K, 99% used [0x0000000772580000,0x000000077697a7a0,0x0000000776980000)
  to   space 41472K, 0% used [0x0000000776980000,0x0000000776980000,0x0000000779200000)
 ParOldGen       total 224256K, used 137058K [0x00000006c0000000, 0x00000006cdb00000, 0x000000076ab00000)
  object space 224256K, 61% used [0x00000006c0000000,0x00000006c85d8838,0x00000006cdb00000)
 Metaspace       used 6502K, capacity 7192K, committed 7424K, reserved 1056768K
  class space    used 621K, capacity 656K, committed 768K, reserved 1048576K
GC Heap History (10 events):
Event: 5.459 GC heap before
{Heap before GC invocations=11 (full 1):
 PSYoungGen      total 140288K, used 140271K [0x000000076ab00000, 0x0000000779200000, 0x00000007c0000000)
  eden space 110592K, 100% used [0x000000076ab00000,0x0000000771700000,0x0000000771700000)
  from space 29696K, 99% used [0x0000000771700000,0x00000007733fbfc0,0x0000000773400000)
  to   space 41472K, 0% used [0x0000000776980000,0x0000000776980000,0x0000000779200000)
 ParOldGen       total 90624K, used 64883K [0x00000006c0000000, 0x00000006c5880000, 0x000000076ab00000)
  object space 90624K, 71% used [0x00000006c0000000,0x00000006c3f5ccb8,0x00000006c5880000)
 Metaspace       used 6487K, capacity 7192K, committed 7424K, reserved 1056768K
  class space    used 621K, capacity 656K, committed 768K, reserved 1048576K
Event: 5.729 GC heap after
Heap after GC invocations=11 (full 1):
 PSYoungGen      total 166912K, used 41463K [0x000000076ab00000, 0x000000077ce00000, 0x00000007c0000000)
  eden space 125440K, 0% used [0x000000076ab00000,0x000000076ab00000,0x0000000772580000)
  from space 41472K, 99% used [0x0000000776980000,0x00000007791fde70,0x0000000779200000)
  to   space 69632K, 0% used [0x0000000772580000,0x0000000772580000,0x0000000776980000)
 ParOldGen       total 122880K, used 122422K [0x00000006c0000000, 0x00000006c7800000, 0x000000076ab00000)
  object space 122880K, 99% used [0x00000006c0000000,0x00000006c778dbf8,0x00000006c7800000)
 Metaspace       used 6487K, capacity 7192K, committed 7424K, reserved 1056768K
  class space    used 621K, capacity 656K, committed 768K, reserved 1048576K
}
Event: 5.729 GC heap before
{Heap before GC invocations=12 (full 2):
 PSYoungGen      total 166912K, used 41463K [0x000000076ab00000, 0x000000077ce00000, 0x00000007c0000000)
  eden space 125440K, 0% used [0x000000076ab00000,0x000000076ab00000,0x0000000772580000)
  from space 41472K, 99% used [0x0000000776980000,0x00000007791fde70,0x0000000779200000)
  to   space 69632K, 0% used [0x0000000772580000,0x0000000772580000,0x0000000776980000)
 ParOldGen       total 122880K, used 122422K [0x00000006c0000000, 0x00000006c7800000, 0x000000076ab00000)
  object space 122880K, 99% used [0x00000006c0000000,0x00000006c778dbf8,0x00000006c7800000)
 Metaspace       used 6487K, capacity 7192K, committed 7424K, reserved 1056768K
  class space    used 621K, capacity 656K, committed 768K, reserved 1048576K
Event: 7.506 GC heap after
Heap after GC invocations=12 (full 2):
 PSYoungGen      total 166912K, used 0K [0x000000076ab00000, 0x000000077ce00000, 0x00000007c0000000)
  eden space 125440K, 0% used [0x000000076ab00000,0x000000076ab00000,0x0000000772580000)
  from space 41472K, 0% used [0x0000000776980000,0x0000000776980000,0x0000000779200000)
  to   space 69632K, 0% used [0x0000000772580000,0x0000000772580000,0x0000000776980000)
 ParOldGen       total 122880K, used 115250K [0x00000006c0000000, 0x00000006c7800000, 0x000000076ab00000)
  object space 122880K, 93% used [0x00000006c0000000,0x00000006c708c9e8,0x00000006c7800000)
 Metaspace       used 6487K, capacity 7192K, committed 7424K, reserved 1056768K
  class space    used 621K, capacity 656K, committed 768K, reserved 1048576K
}
Event: 9.083 GC heap before
{Heap before GC invocations=13 (full 3):
 PSYoungGen      total 166912K, used 125440K [0x000000076ab00000, 0x000000077ce00000, 0x00000007c0000000)
  eden space 125440K, 100% used [0x000000076ab00000,0x0000000772580000,0x0000000772580000)
  from space 41472K, 0% used [0x0000000776980000,0x0000000776980000,0x0000000779200000)
  to   space 69632K, 0% used [0x0000000772580000,0x0000000772580000,0x0000000776980000)
 ParOldGen       total 122880K, used 115250K [0x00000006c0000000, 0x00000006c7800000, 0x000000076ab00000)
  object space 122880K, 93% used [0x00000006c0000000,0x00000006c708c9e8,0x00000006c7800000)
 Metaspace       used 6488K, capacity 7192K, committed 7424K, reserved 1056768K
  class space    used 621K, capacity 656K, committed 768K, reserved 1048576K
Event: 10.005 GC heap after
Heap after GC invocations=13 (full 3):
 PSYoungGen      total 166912K, used 38159K [0x000000076ab00000, 0x000000077ce00000, 0x00000007c0000000)
  eden space 125440K, 30% used [0x000000076ab00000,0x000000076d043f00,0x0000000772580000)
  from space 41472K, 0% used [0x0000000776980000,0x0000000776980000,0x0000000779200000)
  to   space 69632K, 0% used [0x0000000772580000,0x0000000772580000,0x0000000776980000)
 ParOldGen       total 122880K, used 122455K [0x00000006c0000000, 0x00000006c7800000, 0x000000076ab00000)
  object space 122880K, 99% used [0x00000006c0000000,0x00000006c7795d88,0x00000006c7800000)
 Metaspace       used 6488K, capacity 7192K, committed 7424K, reserved 1056768K
  class space    used 621K, capacity 656K, committed 768K, reserved 1048576K
}
Event: 10.409 GC heap before
{Heap before GC invocations=14 (full 4):
 PSYoungGen      total 166912K, used 125440K [0x000000076ab00000, 0x000000077ce00000, 0x00000007c0000000)
  eden space 125440K, 100% used [0x000000076ab00000,0x0000000772580000,0x0000000772580000)
  from space 41472K, 0% used [0x0000000776980000,0x0000000776980000,0x0000000779200000)
  to   space 69632K, 0% used [0x0000000772580000,0x0000000772580000,0x0000000776980000)
 ParOldGen       total 122880K, used 122455K [0x00000006c0000000, 0x00000006c7800000, 0x000000076ab00000)
  object space 122880K, 99% used [0x00000006c0000000,0x00000006c7795d88,0x00000006c7800000)
 Metaspace       used 6494K, capacity 7192K, committed 7424K, reserved 1056768K
  class space    used 621K, capacity 656K, committed 768K, reserved 1048576K
Event: 10.805 GC heap after
Heap after GC invocations=14 (full 4):
 PSYoungGen      total 166912K, used 66060K [0x000000076ab00000, 0x000000077ce00000, 0x00000007c0000000)
  eden space 125440K, 52% used [0x000000076ab00000,0x000000076eb83148,0x0000000772580000)
  from space 41472K, 0% used [0x0000000776980000,0x0000000776980000,0x0000000779200000)
  to   space 69632K, 0% used [0x0000000772580000,0x0000000772580000,0x0000000776980000)
 ParOldGen       total 224256K, used 122587K [0x00000006c0000000, 0x00000006cdb00000, 0x000000076ab00000)
  object space 224256K, 54% used [0x00000006c0000000,0x00000006c77b6f58,0x00000006cdb00000)
 Metaspace       used 6494K, capacity 7192K, committed 7424K, reserved 1056768K
  class space    used 621K, capacity 656K, committed 768K, reserved 1048576K
}
Event: 10.994 GC heap before
{Heap before GC invocations=15 (full 4):
 PSYoungGen      total 166912K, used 125440K [0x000000076ab00000, 0x000000077ce00000, 0x00000007c0000000)
  eden space 125440K, 100% used [0x000000076ab00000,0x0000000772580000,0x0000000772580000)
  from space 41472K, 0% used [0x0000000776980000,0x0000000776980000,0x0000000779200000)
  to   space 69632K, 0% used [0x0000000772580000,0x0000000772580000,0x0000000776980000)
 ParOldGen       total 224256K, used 122587K [0x00000006c0000000, 0x00000006cdb00000, 0x000000076ab00000)
  object space 224256K, 54% used [0x00000006c0000000,0x00000006c77b6f58,0x00000006cdb00000)
 Metaspace       used 6496K, capacity 7192K, committed 7424K, reserved 1056768K
  class space    used 621K, capacity 656K, committed 768K, reserved 1048576K
Event: 11.118 GC heap after
Heap after GC invocations=15 (full 4):
 PSYoungGen      total 195072K, used 69609K [0x000000076ab00000, 0x000000077ce00000, 0x00000007c0000000)
  eden space 125440K, 0% used [0x000000076ab00000,0x000000076ab00000,0x0000000772580000)
  from space 69632K, 99% used [0x0000000772580000,0x000000077697a7a0,0x0000000776980000)
  to   space 41472K, 0% used [0x0000000776980000,0x0000000776980000,0x0000000779200000)
 ParOldGen       total 224256K, used 137058K [0x00000006c0000000, 0x00000006cdb00000, 0x000000076ab00000)
  object space 224256K, 61% used [0x00000006c0000000,0x00000006c85d8838,0x00000006cdb00000)
 Metaspace       used 6496K, capacity 7192K, committed 7424K, reserved 1056768K
  class space    used 621K, capacity 656K, committed 768K, reserved 1048576K
}

