# JRE version: Java(TM) SE Runtime Environment (8.0_102-b14) (build 1.8.0_102-b14)
# Java VM: Java HotSpot(TM) 64-Bit Server VM (25.102-b14 mixed mode linux-amd64 compressed oops)
Heap:
 PSYoungGen      total 1074176K, used 94209K [0x000000076ab00000, 0x00000007c0000000, 0x00000007c0000000)
  eden space 844288K, 0% used [0x000000076ab00000,0x000000076ab00000,0x000000079e380000)
  from space 229888K, 40% used [0x000000079e380000,0x00000007a3f80458,0x00000007ac400000)
  to   space 287232K, 0% used [0x00000007ae780000,0x00000007ae780000,0x00000007c0000000)
 ParOldGen       total 717824K, used 717369K [0x00000006c0000000, 0x00000006ebd00000, 0x000000076ab00000)
  object space 717824K, 99% used [0x00000006c0000000,0x00000006ebc8e6c8,0x00000006ebd00000)
 Metaspace       used 6687K, capacity 7384K, committed 7680K, reserved 1056768K
  class space    used 621K, capacity 656K, committed 768K, reserved 1048576K
GC Heap History (10 events):
Event: 19.790 GC heap after
Heap after GC invocations=17 (full 4):
 PSYoungGen      total 820736K, used 29222K [0x000000076ab00000, 0x00000007ae980000, 0x00000007c0000000)
  eden space 656896K, 0% used [0x000000076ab00000,0x000000076ab00000,0x0000000792c80000)
  from space 163840K, 17% used [0x0000000792c80000,0x0000000794909898,0x000000079cc80000)
  to   space 169472K, 0% used [0x00000007a4400000,0x00000007a4400000,0x00000007ae980000)
 ParOldGen       total 717824K, used 458136K [0x00000006c0000000, 0x00000006ebd00000, 0x000000076ab00000)
  object space 717824K, 63% used [0x00000006c0000000,0x00000006dbf66270,0x00000006ebd00000)
 Metaspace       used 6597K, capacity 7320K, committed 7680K, reserved 1056768K
  class space    used 616K, capacity 656K, committed 768K, reserved 1048576K
}
Event: 21.715 GC heap before
{Heap before GC invocations=18 (full 4):
 PSYoungGen      total 820736K, used 686118K [0x000000076ab00000, 0x00000007ae980000, 0x00000007c0000000)
  eden space 656896K, 100% used [0x000000076ab00000,0x0000000792c80000,0x0000000792c80000)
  from space 163840K, 17% used [0x0000000792c80000,0x0000000794909898,0x000000079cc80000)
  to   space 169472K, 0% used [0x00000007a4400000,0x00000007a4400000,0x00000007ae980000)
 ParOldGen       total 717824K, used 458136K [0x00000006c0000000, 0x00000006ebd00000, 0x000000076ab00000)
  object space 717824K, 63% used [0x00000006c0000000,0x00000006dbf66270,0x00000006ebd00000)
 Metaspace       used 6608K, capacity 7320K, committed 7680K, reserved 1056768K
  class space    used 617K, capacity 656K, committed 768K, reserved 1048576K
Event: 22.012 GC heap after
Heap after GC invocations=18 (full 4):
 PSYoungGen      total 920576K, used 124544K [0x000000076ab00000, 0x00000007aec80000, 0x00000007c0000000)
  eden space 751104K, 0% used [0x000000076ab00000,0x000000076ab00000,0x0000000798880000)
  from space 169472K, 73% used [0x00000007a4400000,0x00000007abda01d8,0x00000007ae980000)
  to   space 182272K, 0% used [0x0000000798880000,0x0000000798880000,0x00000007a3a80000)
 ParOldGen       total 717824K, used 458136K [0x00000006c0000000, 0x00000006ebd00000, 0x000000076ab00000)
  object space 717824K, 63% used [0x00000006c0000000,0x00000006dbf66270,0x00000006ebd00000)
 Metaspace       used 6608K, capacity 7320K, committed 7680K, reserved 1056768K
  class space    used 617K, capacity 656K, committed 768K, reserved 1048576K
}
Event: 26.140 GC heap before
{Heap before GC invocations=19 (full 4):
 PSYoungGen      total 920576K, used 875648K [0x000000076ab00000, 0x00000007aec80000, 0x00000007c0000000)
  eden space 751104K, 100% used [0x000000076ab00000,0x0000000798880000,0x0000000798880000)
  from space 169472K, 73% used [0x00000007a4400000,0x00000007abda01d8,0x00000007ae980000)
  to   space 182272K, 0% used [0x0000000798880000,0x0000000798880000,0x00000007a3a80000)
 ParOldGen       total 717824K, used 458136K [0x00000006c0000000, 0x00000006ebd00000, 0x000000076ab00000)
  object space 717824K, 63% used [0x00000006c0000000,0x00000006dbf66270,0x00000006ebd00000)
 Metaspace       used 6608K, capacity 7320K, committed 7680K, reserved 1056768K
  class space    used 617K, capacity 656K, committed 768K, reserved 1048576K
Event: 26.492 GC heap after
Heap after GC invocations=19 (full 4):
 PSYoungGen      total 933376K, used 182242K [0x000000076ab00000, 0x00000007b9a00000, 0x00000007c0000000)
  eden space 751104K, 0% used [0x000000076ab00000,0x000000076ab00000,0x0000000798880000)
  from space 182272K, 99% used [0x0000000798880000,0x00000007a3a789c8,0x00000007a3a80000)
  to   space 219136K, 0% used [0x00000007ac400000,0x00000007ac400000,0x00000007b9a00000)
 ParOldGen       total 717824K, used 474879K [0x00000006c0000000, 0x00000006ebd00000, 0x000000076ab00000)
  object space 717824K, 66% used [0x00000006c0000000,0x00000006dcfbfe78,0x00000006ebd00000)
 Metaspace       used 6608K, capacity 7320K, committed 7680K, reserved 1056768K
  class space    used 617K, capacity 656K, committed 768K, reserved 1048576K
}
Event: 29.019 GC heap before
{Heap before GC invocations=20 (full 4):
 PSYoungGen      total 933376K, used 933346K [0x000000076ab00000, 0x00000007b9a00000, 0x00000007c0000000)
  eden space 751104K, 100% used [0x000000076ab00000,0x0000000798880000,0x0000000798880000)
  from space 182272K, 99% used [0x0000000798880000,0x00000007a3a789c8,0x00000007a3a80000)
  to   space 219136K, 0% used [0x00000007ac400000,0x00000007ac400000,0x00000007b9a00000)
 ParOldGen       total 717824K, used 475136K [0x00000006c0000000, 0x00000006ebd00000, 0x000000076ab00000)
  object space 717824K, 66% used [0x00000006c0000000,0x00000006dd000068,0x00000006ebd00000)
 Metaspace       used 6608K, capacity 7320K, committed 7680K, reserved 1056768K
  class space    used 617K, capacity 656K, committed 768K, reserved 1048576K
Event: 29.487 GC heap after
Heap after GC invocations=20 (full 4):
 PSYoungGen      total 1063424K, used 147560K [0x000000076ab00000, 0x00000007bbc00000, 0x00000007c0000000)
  eden space 844288K, 0% used [0x000000076ab00000,0x000000076ab00000,0x000000079e380000)
  from space 219136K, 67% used [0x00000007ac400000,0x00000007b541a360,0x00000007b9a00000)
  to   space 229888K, 0% used [0x000000079e380000,0x000000079e380000,0x00000007ac400000)
 ParOldGen       total 717824K, used 594775K [0x00000006c0000000, 0x00000006ebd00000, 0x000000076ab00000)
  object space 717824K, 82% used [0x00000006c0000000,0x00000006e44d5fa8,0x00000006ebd00000)
 Metaspace       used 6608K, capacity 7320K, committed 7680K, reserved 1056768K
  class space    used 617K, capacity 656K, committed 768K, reserved 1048576K
}
Event: 31.847 GC heap before
{Heap before GC invocations=21 (full 4):
 PSYoungGen      total 1063424K, used 991848K [0x000000076ab00000, 0x00000007bbc00000, 0x00000007c0000000)
  eden space 844288K, 100% used [0x000000076ab00000,0x000000079e380000,0x000000079e380000)
  from space 219136K, 67% used [0x00000007ac400000,0x00000007b541a360,0x00000007b9a00000)
  to   space 229888K, 0% used [0x000000079e380000,0x000000079e380000,0x00000007ac400000)
 ParOldGen       total 717824K, used 594777K [0x00000006c0000000, 0x00000006ebd00000, 0x000000076ab00000)
  object space 717824K, 82% used [0x00000006c0000000,0x00000006e44d6690,0x00000006ebd00000)
 Metaspace       used 6687K, capacity 7384K, committed 7680K, reserved 1056768K
  class space    used 621K, capacity 656K, committed 768K, reserved 1048576K
Event: 32.309 GC heap after
Heap after GC invocations=21 (full 4):
 PSYoungGen      total 1074176K, used 229884K [0x000000076ab00000, 0x00000007c0000000, 0x00000007c0000000)
  eden space 844288K, 0% used [0x000000076ab00000,0x000000076ab00000,0x000000079e380000)
  from space 229888K, 99% used [0x000000079e380000,0x00000007ac3ff000,0x00000007ac400000)
  to   space 287232K, 0% used [0x00000007ae780000,0x00000007ae780000,0x00000007c0000000)
 ParOldGen       total 717824K, used 644598K [0x00000006c0000000, 0x00000006ebd00000, 0x000000076ab00000)
  object space 717824K, 89% used [0x00000006c0000000,0x00000006e757db48,0x00000006ebd00000)
 Metaspace       used 6687K, capacity 7384K, committed 7680K, reserved 1056768K
  class space    used 621K, capacity 656K, committed 768K, reserved 1048576K
}
Event: 32.309 GC heap before
{Heap before GC invocations=22 (full 5):
 PSYoungGen      total 1074176K, used 229884K [0x000000076ab00000, 0x00000007c0000000, 0x00000007c0000000)
  eden space 844288K, 0% used [0x000000076ab00000,0x000000076ab00000,0x000000079e380000)
  from space 229888K, 99% used [0x000000079e380000,0x00000007ac3ff000,0x00000007ac400000)
  to   space 287232K, 0% used [0x00000007ae780000,0x00000007ae780000,0x00000007c0000000)
 ParOldGen       total 717824K, used 644598K [0x00000006c0000000, 0x00000006ebd00000, 0x000000076ab00000)
  object space 717824K, 89% used [0x00000006c0000000,0x00000006e757db48,0x00000006ebd00000)
 Metaspace       used 6687K, capacity 7384K, committed 7680K, reserved 1056768K
  class space    used 621K, capacity 656K, committed 768K, reserved 1048576K

