# JRE version: Java(TM) SE Runtime Environment (8.0_102-b14) (build 1.8.0_102-b14)
# Java VM: Java HotSpot(TM) 64-Bit Server VM (25.102-b14 mixed mode linux-amd64 compressed oops)
Heap:
 PSYoungGen      total 1149440K, used 128599K [0x000000076ab00000, 0x00000007c0000000, 0x00000007c0000000)
  eden space 945152K, 0% used [0x000000076ab00000,0x000000076ab00000,0x00000007a4600000)
  from space 204288K, 62% used [0x00000007a4600000,0x00000007ac395fb0,0x00000007b0d80000)
  to   space 248320K, 0% used [0x00000007b0d80000,0x00000007b0d80000,0x00000007c0000000)
 ParOldGen       total 642560K, used 642553K [0x00000006c0000000, 0x00000006e7380000, 0x000000076ab00000)
  object space 642560K, 99% used [0x00000006c0000000,0x00000006e737e798,0x00000006e7380000)
 Metaspace       used 6595K, capacity 7320K, committed 7680K, reserved 1056768K
  class space    used 619K, capacity 656K, committed 768K, reserved 1048576K
GC Heap History (10 events):
Event: 15.722 GC heap after
Heap after GC invocations=15 (full 3):
 PSYoungGen      total 877568K, used 91141K [0x000000076ab00000, 0x00000007aa480000, 0x00000007c0000000)
  eden space 753664K, 0% used [0x000000076ab00000,0x000000076ab00000,0x0000000798b00000)
  from space 123904K, 73% used [0x00000007a0d00000,0x00000007a6601540,0x00000007a8600000)
  to   space 133120K, 0% used [0x0000000798b00000,0x0000000798b00000,0x00000007a0d00000)
 ParOldGen       total 434688K, used 302552K [0x00000006c0000000, 0x00000006da880000, 0x000000076ab00000)
  object space 434688K, 69% used [0x00000006c0000000,0x00000006d2776150,0x00000006da880000)
 Metaspace       used 6578K, capacity 7320K, committed 7680K, reserved 1056768K
  class space    used 616K, capacity 656K, committed 768K, reserved 1048576K
}
Event: 19.258 GC heap before
{Heap before GC invocations=16 (full 3):
 PSYoungGen      total 877568K, used 844805K [0x000000076ab00000, 0x00000007aa480000, 0x00000007c0000000)
  eden space 753664K, 100% used [0x000000076ab00000,0x0000000798b00000,0x0000000798b00000)
  from space 123904K, 73% used [0x00000007a0d00000,0x00000007a6601540,0x00000007a8600000)
  to   space 133120K, 0% used [0x0000000798b00000,0x0000000798b00000,0x00000007a0d00000)
 ParOldGen       total 434688K, used 302552K [0x00000006c0000000, 0x00000006da880000, 0x000000076ab00000)
  object space 434688K, 69% used [0x00000006c0000000,0x00000006d2776150,0x00000006da880000)
 Metaspace       used 6582K, capacity 7320K, committed 7680K, reserved 1056768K
  class space    used 617K, capacity 656K, committed 768K, reserved 1048576K
Event: 21.358 GC heap after
Heap after GC invocations=16 (full 3):
 PSYoungGen      total 886784K, used 115960K [0x000000076ab00000, 0x00000007ba000000, 0x00000007c0000000)
  eden space 753664K, 0% used [0x000000076ab00000,0x000000076ab00000,0x0000000798b00000)
  from space 133120K, 87% used [0x0000000798b00000,0x000000079fc3e338,0x00000007a0d00000)
  to   space 150016K, 0% used [0x00000007b0d80000,0x00000007b0d80000,0x00000007ba000000)
 ParOldGen       total 434688K, used 389990K [0x00000006c0000000, 0x00000006da880000, 0x000000076ab00000)
  object space 434688K, 89% used [0x00000006c0000000,0x00000006d7cd9bb8,0x00000006da880000)
 Metaspace       used 6582K, capacity 7320K, committed 7680K, reserved 1056768K
  class space    used 617K, capacity 656K, committed 768K, reserved 1048576K
}
Event: 21.820 GC heap before
{Heap before GC invocations=17 (full 4):
 PSYoungGen      total 886784K, used 115960K [0x000000076ab00000, 0x00000007ba000000, 0x00000007c0000000)
  eden space 753664K, 0% used [0x000000076ab00000,0x000000076ab00000,0x0000000798b00000)
  from space 133120K, 87% used [0x0000000798b00000,0x000000079fc3e338,0x00000007a0d00000)
  to   space 150016K, 0% used [0x00000007b0d80000,0x00000007b0d80000,0x00000007ba000000)
 ParOldGen       total 434688K, used 389990K [0x00000006c0000000, 0x00000006da880000, 0x000000076ab00000)
  object space 434688K, 89% used [0x00000006c0000000,0x00000006d7cd9bb8,0x00000006da880000)
 Metaspace       used 6582K, capacity 7320K, committed 7680K, reserved 1056768K
  class space    used 617K, capacity 656K, committed 768K, reserved 1048576K
Event: 23.415 GC heap after
Heap after GC invocations=17 (full 4):
 PSYoungGen      total 886784K, used 68475K [0x000000076ab00000, 0x00000007ba000000, 0x00000007c0000000)
  eden space 753664K, 0% used [0x000000076ab00000,0x000000076ab00000,0x0000000798b00000)
  from space 133120K, 51% used [0x0000000798b00000,0x000000079cddeca0,0x00000007a0d00000)
  to   space 150016K, 0% used [0x00000007b0d80000,0x00000007b0d80000,0x00000007ba000000)
 ParOldGen       total 642560K, used 434530K [0x00000006c0000000, 0x00000006e7380000, 0x000000076ab00000)
  object space 642560K, 67% used [0x00000006c0000000,0x00000006da858868,0x00000006e7380000)
 Metaspace       used 6582K, capacity 7320K, committed 7680K, reserved 1056768K
  class space    used 617K, capacity 656K, committed 768K, reserved 1048576K
}
Event: 29.371 GC heap before
{Heap before GC invocations=18 (full 4):
 PSYoungGen      total 886784K, used 822139K [0x000000076ab00000, 0x00000007ba000000, 0x00000007c0000000)
  eden space 753664K, 100% used [0x000000076ab00000,0x0000000798b00000,0x0000000798b00000)
  from space 133120K, 51% used [0x0000000798b00000,0x000000079cddeca0,0x00000007a0d00000)
  to   space 150016K, 0% used [0x00000007b0d80000,0x00000007b0d80000,0x00000007ba000000)
 ParOldGen       total 642560K, used 434530K [0x00000006c0000000, 0x00000006e7380000, 0x000000076ab00000)
  object space 642560K, 67% used [0x00000006c0000000,0x00000006da858868,0x00000006e7380000)
 Metaspace       used 6595K, capacity 7320K, committed 7680K, reserved 1056768K
  class space    used 619K, capacity 656K, committed 768K, reserved 1048576K
Event: 29.830 GC heap after
Heap after GC invocations=18 (full 4):
 PSYoungGen      total 1095168K, used 150005K [0x000000076ab00000, 0x00000007bfc80000, 0x00000007c0000000)
  eden space 945152K, 0% used [0x000000076ab00000,0x000000076ab00000,0x00000007a4600000)
  from space 150016K, 99% used [0x00000007b0d80000,0x00000007b9ffd608,0x00000007ba000000)
  to   space 204288K, 0% used [0x00000007a4600000,0x00000007a4600000,0x00000007b0d80000)
 ParOldGen       total 642560K, used 512383K [0x00000006c0000000, 0x00000006e7380000, 0x000000076ab00000)
  object space 642560K, 79% used [0x00000006c0000000,0x00000006df45fca8,0x00000006e7380000)
 Metaspace       used 6595K, capacity 7320K, committed 7680K, reserved 1056768K
  class space    used 619K, capacity 656K, committed 768K, reserved 1048576K
}
Event: 31.820 GC heap before
{Heap before GC invocations=19 (full 4):
 PSYoungGen      total 1095168K, used 1095157K [0x000000076ab00000, 0x00000007bfc80000, 0x00000007c0000000)
  eden space 945152K, 100% used [0x000000076ab00000,0x00000007a4600000,0x00000007a4600000)
  from space 150016K, 99% used [0x00000007b0d80000,0x00000007b9ffd608,0x00000007ba000000)
  to   space 204288K, 0% used [0x00000007a4600000,0x00000007a4600000,0x00000007b0d80000)
 ParOldGen       total 642560K, used 512383K [0x00000006c0000000, 0x00000006e7380000, 0x000000076ab00000)
  object space 642560K, 79% used [0x00000006c0000000,0x00000006df45fca8,0x00000006e7380000)
 Metaspace       used 6595K, capacity 7320K, committed 7680K, reserved 1056768K
  class space    used 619K, capacity 656K, committed 768K, reserved 1048576K
Event: 35.803 GC heap after
Heap after GC invocations=19 (full 4):
 PSYoungGen      total 1149440K, used 204265K [0x000000076ab00000, 0x00000007c0000000, 0x00000007c0000000)
  eden space 945152K, 0% used [0x000000076ab00000,0x000000076ab00000,0x00000007a4600000)
  from space 204288K, 99% used [0x00000007a4600000,0x00000007b0d7a768,0x00000007b0d80000)
  to   space 248320K, 0% used [0x00000007b0d80000,0x00000007b0d80000,0x00000007c0000000)
 ParOldGen       total 642560K, used 620389K [0x00000006c0000000, 0x00000006e7380000, 0x000000076ab00000)
  object space 642560K, 96% used [0x00000006c0000000,0x00000006e5dd9470,0x00000006e7380000)
 Metaspace       used 6595K, capacity 7320K, committed 7680K, reserved 1056768K
  class space    used 619K, capacity 656K, committed 768K, reserved 1048576K
}
Event: 35.814 GC heap before
{Heap before GC invocations=20 (full 5):
 PSYoungGen      total 1149440K, used 204265K [0x000000076ab00000, 0x00000007c0000000, 0x00000007c0000000)
  eden space 945152K, 0% used [0x000000076ab00000,0x000000076ab00000,0x00000007a4600000)
  from space 204288K, 99% used [0x00000007a4600000,0x00000007b0d7a768,0x00000007b0d80000)
  to   space 248320K, 0% used [0x00000007b0d80000,0x00000007b0d80000,0x00000007c0000000)
 ParOldGen       total 642560K, used 620389K [0x00000006c0000000, 0x00000006e7380000, 0x000000076ab00000)
  object space 642560K, 96% used [0x00000006c0000000,0x00000006e5dd9470,0x00000006e7380000)
 Metaspace       used 6595K, capacity 7320K, committed 7680K, reserved 1056768K
  class space    used 619K, capacity 656K, committed 768K, reserved 1048576K

