# JRE version: Java(TM) SE Runtime Environment (8.0_102-b14) (build 1.8.0_102-b14)
# Java VM: Java HotSpot(TM) 64-Bit Server VM (25.102-b14 mixed mode linux-amd64 compressed oops)
Heap:
 PSYoungGen      total 1136640K, used 0K [0x000000076ab00000, 0x00000007bd800000, 0x00000007c0000000)
  eden space 925696K, 0% used [0x000000076ab00000,0x000000076ab00000,0x00000007a3300000)
  from space 210944K, 0% used [0x00000007b0a00000,0x00000007b0a00000,0x00000007bd800000)
  to   space 215552K, 0% used [0x00000007a3300000,0x00000007a3300000,0x00000007b0580000)
 ParOldGen       total 697344K, used 695421K [0x00000006c0000000, 0x00000006ea900000, 0x000000076ab00000)
  object space 697344K, 99% used [0x00000006c0000000,0x00000006ea71f530,0x00000006ea900000)
 Metaspace       used 6615K, capacity 7320K, committed 7680K, reserved 1056768K
  class space    used 616K, capacity 656K, committed 768K, reserved 1048576K
GC Heap History (10 events):
Event: 20.471 GC heap after
Heap after GC invocations=16 (full 3):
 PSYoungGen      total 829440K, used 100922K [0x000000076ab00000, 0x00000007b0a00000, 0x00000007c0000000)
  eden space 670208K, 0% used [0x000000076ab00000,0x000000076ab00000,0x0000000793980000)
  from space 159232K, 63% used [0x0000000793980000,0x0000000799c0ea30,0x000000079d500000)
  to   space 165888K, 0% used [0x00000007a6800000,0x00000007a6800000,0x00000007b0a00000)
 ParOldGen       total 451584K, used 383318K [0x00000006c0000000, 0x00000006db900000, 0x000000076ab00000)
  object space 451584K, 84% used [0x00000006c0000000,0x00000006d76558a0,0x00000006db900000)
 Metaspace       used 6603K, capacity 7320K, committed 7680K, reserved 1056768K
  class space    used 615K, capacity 656K, committed 768K, reserved 1048576K
}
Event: 20.471 GC heap before
{Heap before GC invocations=17 (full 4):
 PSYoungGen      total 829440K, used 100922K [0x000000076ab00000, 0x00000007b0a00000, 0x00000007c0000000)
  eden space 670208K, 0% used [0x000000076ab00000,0x000000076ab00000,0x0000000793980000)
  from space 159232K, 63% used [0x0000000793980000,0x0000000799c0ea30,0x000000079d500000)
  to   space 165888K, 0% used [0x00000007a6800000,0x00000007a6800000,0x00000007b0a00000)
 ParOldGen       total 451584K, used 383318K [0x00000006c0000000, 0x00000006db900000, 0x000000076ab00000)
  object space 451584K, 84% used [0x00000006c0000000,0x00000006d76558a0,0x00000006db900000)
 Metaspace       used 6603K, capacity 7320K, committed 7680K, reserved 1056768K
  class space    used 615K, capacity 656K, committed 768K, reserved 1048576K
Event: 22.597 GC heap after
Heap after GC invocations=17 (full 4):
 PSYoungGen      total 829440K, used 27409K [0x000000076ab00000, 0x00000007b0a00000, 0x00000007c0000000)
  eden space 670208K, 0% used [0x000000076ab00000,0x000000076ab00000,0x0000000793980000)
  from space 159232K, 17% used [0x0000000793980000,0x00000007954447b8,0x000000079d500000)
  to   space 165888K, 0% used [0x00000007a6800000,0x00000007a6800000,0x00000007b0a00000)
 ParOldGen       total 697344K, used 451208K [0x00000006c0000000, 0x00000006ea900000, 0x000000076ab00000)
  object space 697344K, 64% used [0x00000006c0000000,0x00000006db8a2110,0x00000006ea900000)
 Metaspace       used 6603K, capacity 7320K, committed 7680K, reserved 1056768K
  class space    used 615K, capacity 656K, committed 768K, reserved 1048576K
}
Event: 24.723 GC heap before
{Heap before GC invocations=18 (full 4):
 PSYoungGen      total 829440K, used 697617K [0x000000076ab00000, 0x00000007b0a00000, 0x00000007c0000000)
  eden space 670208K, 100% used [0x000000076ab00000,0x0000000793980000,0x0000000793980000)
  from space 159232K, 17% used [0x0000000793980000,0x00000007954447b8,0x000000079d500000)
  to   space 165888K, 0% used [0x00000007a6800000,0x00000007a6800000,0x00000007b0a00000)
 ParOldGen       total 697344K, used 451208K [0x00000006c0000000, 0x00000006ea900000, 0x000000076ab00000)
  object space 697344K, 64% used [0x00000006c0000000,0x00000006db8a2110,0x00000006ea900000)
 Metaspace       used 6615K, capacity 7320K, committed 7680K, reserved 1056768K
  class space    used 616K, capacity 656K, committed 768K, reserved 1048576K
Event: 25.300 GC heap after
Heap after GC invocations=18 (full 4):
 PSYoungGen      total 958976K, used 124190K [0x000000076ab00000, 0x00000007b0f80000, 0x00000007c0000000)
  eden space 793088K, 0% used [0x000000076ab00000,0x000000076ab00000,0x000000079b180000)
  from space 165888K, 74% used [0x00000007a6800000,0x00000007ae147ad8,0x00000007b0a00000)
  to   space 179200K, 0% used [0x000000079b180000,0x000000079b180000,0x00000007a6080000)
 ParOldGen       total 697344K, used 451208K [0x00000006c0000000, 0x00000006ea900000, 0x000000076ab00000)
  object space 697344K, 64% used [0x00000006c0000000,0x00000006db8a2110,0x00000006ea900000)
 Metaspace       used 6615K, capacity 7320K, committed 7680K, reserved 1056768K
  class space    used 616K, capacity 656K, committed 768K, reserved 1048576K
}
Event: 29.869 GC heap before
{Heap before GC invocations=19 (full 4):
 PSYoungGen      total 958976K, used 917278K [0x000000076ab00000, 0x00000007b0f80000, 0x00000007c0000000)
  eden space 793088K, 100% used [0x000000076ab00000,0x000000079b180000,0x000000079b180000)
  from space 165888K, 74% used [0x00000007a6800000,0x00000007ae147ad8,0x00000007b0a00000)
  to   space 179200K, 0% used [0x000000079b180000,0x000000079b180000,0x00000007a6080000)
 ParOldGen       total 697344K, used 451208K [0x00000006c0000000, 0x00000006ea900000, 0x000000076ab00000)
  object space 697344K, 64% used [0x00000006c0000000,0x00000006db8a2110,0x00000006ea900000)
 Metaspace       used 6615K, capacity 7320K, committed 7680K, reserved 1056768K
  class space    used 616K, capacity 656K, committed 768K, reserved 1048576K
Event: 30.228 GC heap after
Heap after GC invocations=19 (full 4):
 PSYoungGen      total 972288K, used 179195K [0x000000076ab00000, 0x00000007bdf00000, 0x00000007c0000000)
  eden space 793088K, 0% used [0x000000076ab00000,0x000000076ab00000,0x000000079b180000)
  from space 179200K, 99% used [0x000000079b180000,0x00000007a607ecf0,0x00000007a6080000)
  to   space 218112K, 0% used [0x00000007b0a00000,0x00000007b0a00000,0x00000007bdf00000)
 ParOldGen       total 697344K, used 474564K [0x00000006c0000000, 0x00000006ea900000, 0x000000076ab00000)
  object space 697344K, 68% used [0x00000006c0000000,0x00000006dcf71128,0x00000006ea900000)
 Metaspace       used 6615K, capacity 7320K, committed 7680K, reserved 1056768K
  class space    used 616K, capacity 656K, committed 768K, reserved 1048576K
}
Event: 33.584 GC heap before
{Heap before GC invocations=20 (full 4):
 PSYoungGen      total 972288K, used 972283K [0x000000076ab00000, 0x00000007bdf00000, 0x00000007c0000000)
  eden space 793088K, 100% used [0x000000076ab00000,0x000000079b180000,0x000000079b180000)
  from space 179200K, 99% used [0x000000079b180000,0x00000007a607ecf0,0x00000007a6080000)
  to   space 218112K, 0% used [0x00000007b0a00000,0x00000007b0a00000,0x00000007bdf00000)
 ParOldGen       total 697344K, used 474564K [0x00000006c0000000, 0x00000006ea900000, 0x000000076ab00000)
  object space 697344K, 68% used [0x00000006c0000000,0x00000006dcf71128,0x00000006ea900000)
 Metaspace       used 6615K, capacity 7320K, committed 7680K, reserved 1056768K
  class space    used 616K, capacity 656K, committed 768K, reserved 1048576K
Event: 33.957 GC heap after
Heap after GC invocations=20 (full 4):
 PSYoungGen      total 1136640K, used 110483K [0x000000076ab00000, 0x00000007bd800000, 0x00000007c0000000)
  eden space 925696K, 0% used [0x000000076ab00000,0x000000076ab00000,0x00000007a3300000)
  from space 210944K, 52% used [0x00000007b0a00000,0x00000007b75e4d68,0x00000007bd800000)
  to   space 215552K, 0% used [0x00000007a3300000,0x00000007a3300000,0x00000007b0580000)
 ParOldGen       total 697344K, used 592822K [0x00000006c0000000, 0x00000006ea900000, 0x000000076ab00000)
  object space 697344K, 85% used [0x00000006c0000000,0x00000006e42edb70,0x00000006ea900000)
 Metaspace       used 6615K, capacity 7320K, committed 7680K, reserved 1056768K
  class space    used 616K, capacity 656K, committed 768K, reserved 1048576K
}
Event: 33.957 GC heap before
{Heap before GC invocations=21 (full 5):
 PSYoungGen      total 1136640K, used 110483K [0x000000076ab00000, 0x00000007bd800000, 0x00000007c0000000)
  eden space 925696K, 0% used [0x000000076ab00000,0x000000076ab00000,0x00000007a3300000)
  from space 210944K, 52% used [0x00000007b0a00000,0x00000007b75e4d68,0x00000007bd800000)
  to   space 215552K, 0% used [0x00000007a3300000,0x00000007a3300000,0x00000007b0580000)
 ParOldGen       total 697344K, used 592822K [0x00000006c0000000, 0x00000006ea900000, 0x000000076ab00000)
  object space 697344K, 85% used [0x00000006c0000000,0x00000006e42edb70,0x00000006ea900000)
 Metaspace       used 6615K, capacity 7320K, committed 7680K, reserved 1056768K
  class space    used 616K, capacity 656K, committed 768K, reserved 1048576K

